2026-03-07 19:29:43.724 | INFO     | __main__:main:15 - Starting Token Discovery Pipeline (Phase 1)...
2026-03-07 19:29:43.730 | INFO     | __main__:main:19 - Database initialized.
2026-03-07 19:29:43.730 | INFO     | __main__:main:28 - Running Layer 1: Discovery...
2026-03-07 19:29:43.730 | ERROR    | __main__:main:50 - Pipeline failed: [Errno 2] No such file or directory: 'token-pipeline/config/settings.yaml'
2026-03-07 19:30:05.265 | INFO     | __main__:main:15 - Starting Token Discovery Pipeline (Phase 1)...
2026-03-07 19:30:05.267 | INFO     | __main__:main:19 - Database initialized.
2026-03-07 19:30:05.267 | INFO     | __main__:main:28 - Running Layer 1: Discovery...
2026-03-07 19:30:06.475 | ERROR    | __main__:main:50 - Pipeline failed: can't subtract offset-naive and offset-aware datetimes
2026-03-07 19:30:40.276 | INFO     | __main__:main:15 - Starting Token Discovery Pipeline (Phase 1)...
2026-03-07 19:30:40.278 | INFO     | __main__:main:19 - Database initialized.
2026-03-07 19:30:40.278 | INFO     | __main__:main:28 - Running Layer 1: Discovery...
2026-03-07 19:30:40.585 | INFO     | __main__:main:33 - No new tokens discovered.
2026-03-07 19:31:10.288 | INFO     | __main__:main:15 - Starting Token Discovery Pipeline (Phase 1)...
2026-03-07 19:31:10.290 | INFO     | __main__:main:19 - Database initialized.
2026-03-07 19:31:10.290 | INFO     | __main__:main:28 - Running Layer 1: Discovery...
2026-03-07 19:31:20.857 | INFO     | __main__:main:37 - Running Layer 2: Pre-filter...
2026-03-07 19:31:20.900 | INFO     | __main__:main:42 - Phase 1 Complete.
2026-03-07 19:31:20.901 | INFO     | __main__:main:43 - Discovered: 39
2026-03-07 19:31:20.901 | INFO     | __main__:main:44 - Passed Pre-filter: 1
2026-03-07 19:31:20.901 | INFO     | __main__:main:47 - Candidate: WhiteHouse (ethereum) - 0xe3a5eb12260b59fffc16e842f7ac275f7e13831b
2026-03-07 19:31:49.318 | INFO     | __main__:main:15 - Starting Token Discovery Pipeline (Phase 1)...
2026-03-07 19:31:49.321 | INFO     | __main__:main:19 - Database initialized.
2026-03-07 19:31:49.321 | INFO     | __main__:main:28 - Running Layer 1: Discovery...
2026-03-07 19:31:49.323 | INFO     | src.pipeline.l1_discovery:run:42 - Fetching new pools for solana (solana)...
2026-03-07 19:31:51.441 | INFO     | src.pipeline.l1_discovery:run:42 - Fetching new pools for ethereum (eth)...
2026-03-07 19:31:53.521 | INFO     | src.pipeline.l1_discovery:run:42 - Fetching new pools for base (base)...
2026-03-07 19:31:55.669 | INFO     | src.pipeline.l1_discovery:run:42 - Fetching new pools for arbitrum (arbitrum)...
2026-03-07 19:31:57.735 | ERROR    | src.clients.gecko_terminal:get_new_pools:29 - GeckoTerminal API error: 429 Client Error: Too Many Requests for url: https://api.geckoterminal.com/api/v2/networks/arbitrum/new_pools?page=1
2026-03-07 19:31:57.737 | INFO     | src.pipeline.l1_discovery:run:42 - Fetching new pools for bsc (bsc)...
2026-03-07 19:31:59.791 | ERROR    | src.clients.gecko_terminal:get_new_pools:29 - GeckoTerminal API error: 429 Client Error: Too Many Requests for url: https://api.geckoterminal.com/api/v2/networks/bsc/new_pools?page=1
2026-03-07 19:31:59.854 | INFO     | src.pipeline.l1_discovery:run:94 - L1 Discovery found 20 new tokens.
2026-03-07 19:31:59.854 | INFO     | __main__:main:37 - Running Layer 2: Pre-filter...
2026-03-07 19:31:59.858 | INFO     | src.pipeline.l2_prefilter:run:31 - Dropped base:0x8784d6f26a9759cef2e03e3145b2fe65dcb831e6: Low liquidity (3969.12)
2026-03-07 19:31:59.859 | INFO     | src.pipeline.l2_prefilter:run:31 - Dropped base:0xb46600e230bd19c221d89effdea5c227348b8b0f3f284568f8d528ae4dd4420b: Low liquidity (816.041433509932)
2026-03-07 19:31:59.860 | INFO     | src.pipeline.l2_prefilter:run:31 - Dropped base:0x077a7bf9c5dfed7db7d2192883aeed3d81960ccc: Low liquidity (3968.6)
2026-03-07 19:31:59.861 | INFO     | src.pipeline.l2_prefilter:run:37 - Dropped base:0xd37dacc24c5698cda29525b22beb4093d8296b88: Low activity (9 txns)
2026-03-07 19:31:59.862 | INFO     | src.pipeline.l2_prefilter:run:31 - Dropped base:0x16f6d147ee1c08c8043a613938e720cdc384dcc4: Low liquidity (0.3969)
2026-03-07 19:31:59.863 | INFO     | src.pipeline.l2_prefilter:run:31 - Dropped base:0xfd8c8a24c47ee68a4292ab4624f2d8cfc311b048: Low liquidity (0.3969)
2026-03-07 19:31:59.863 | INFO     | src.pipeline.l2_prefilter:run:31 - Dropped base:0xa0e43f9eb4dee263e7587b9214dcd68e82e093b1: Low liquidity (0.3969)
2026-03-07 19:31:59.864 | INFO     | src.pipeline.l2_prefilter:run:31 - Dropped base:0x2ff761dc49fc6d1ce6f117fe817a7536373bd174: Low liquidity (0.3969)
2026-03-07 19:31:59.865 | INFO     | src.pipeline.l2_prefilter:run:31 - Dropped base:0xa3d72c4c6f2619b5376db91ed5dc136ca3a26cdd: Low liquidity (0.3969)
2026-03-07 19:31:59.866 | INFO     | src.pipeline.l2_prefilter:run:31 - Dropped base:0x0261f9a3ee50ab3aee4355c489dd54a49ac58061: Low liquidity (0.397)
2026-03-07 19:31:59.868 | INFO     | src.pipeline.l2_prefilter:run:31 - Dropped base:0x6d8854866f2881c6341673318f0ad0e809f6f70b: Low liquidity (0.398198475968365)
2026-03-07 19:31:59.869 | INFO     | src.pipeline.l2_prefilter:run:31 - Dropped base:0x1c544e1dd6aa12abc8460e1282264d048d9312df: Low liquidity (0.398597487985816)
2026-03-07 19:31:59.869 | INFO     | src.pipeline.l2_prefilter:run:31 - Dropped base:0xcc929a71959b24b4fd7d07ae32a23d2bd389cd71: Low liquidity (0.397)
2026-03-07 19:31:59.870 | INFO     | src.pipeline.l2_prefilter:run:31 - Dropped base:0xfd3699c80ff878a0d0693a30afe505b3f05ec600: Low liquidity (3970.4)
2026-03-07 19:31:59.871 | INFO     | src.pipeline.l2_prefilter:run:31 - Dropped base:0xfef3b5df93e42df1ff02cf22c38d4f14a7c154ed: Low liquidity (3970.58)
2026-03-07 19:31:59.874 | INFO     | src.pipeline.l2_prefilter:run:31 - Dropped base:0x0a4485e8ce29a050c2fc0479758372dd538147e3: Low liquidity (0.3971)
2026-03-07 19:31:59.875 | INFO     | src.pipeline.l2_prefilter:run:31 - Dropped base:0x86127934c37190fd905e6c94a7beabe1c6652ddf: Low liquidity (0.3971)
2026-03-07 19:31:59.876 | INFO     | src.pipeline.l2_prefilter:run:31 - Dropped base:0xe97ab6af4ed90b99944ac826f59f836d8da7bb91: Low liquidity (3970.04)
2026-03-07 19:31:59.877 | INFO     | src.pipeline.l2_prefilter:run:31 - Dropped base:0x5cb002842a617dd901e8d796e77203629c4bc0e4: Low liquidity (0.397)
2026-03-07 19:31:59.878 | INFO     | src.pipeline.l2_prefilter:run:31 - Dropped base:0x6601b2818f3ebb205b097af7632af3e952bece7d: Low liquidity (0.397)
2026-03-07 19:31:59.878 | INFO     | src.pipeline.l2_prefilter:run:55 - L2 Pre-filter passed 0 tokens.
2026-03-07 19:31:59.878 | INFO     | __main__:main:42 - Phase 1 Complete.
2026-03-07 19:31:59.878 | INFO     | __main__:main:43 - Discovered: 20
2026-03-07 19:31:59.878 | INFO     | __main__:main:44 - Passed Pre-filter: 0
2026-03-07 19:36:28.292 | INFO     | __main__:main:15 - Starting Token Discovery Pipeline (Phase 1)...
2026-03-07 19:36:28.296 | INFO     | __main__:main:19 - Database initialized.
2026-03-07 19:36:28.296 | INFO     | __main__:main:28 - Running Layer 1: Discovery...
2026-03-07 19:36:28.299 | INFO     | src.pipeline.l1_discovery:run:42 - Fetching new pools for solana (solana)...
2026-03-07 19:36:30.449 | INFO     | src.pipeline.l1_discovery:run:42 - Fetching new pools for ethereum (eth)...
2026-03-07 19:36:32.622 | INFO     | src.pipeline.l1_discovery:run:42 - Fetching new pools for base (base)...
2026-03-07 19:36:35.122 | INFO     | src.pipeline.l1_discovery:run:42 - Fetching new pools for arbitrum (arbitrum)...
2026-03-07 19:36:37.353 | INFO     | src.pipeline.l1_discovery:run:42 - Fetching new pools for bsc (bsc)...
2026-03-07 19:36:39.574 | INFO     | src.pipeline.l1_discovery:run:94 - L1 Discovery found 81 new tokens.
2026-03-07 19:36:39.574 | INFO     | __main__:main:37 - Running Layer 2: Pre-filter...
2026-03-07 19:36:39.576 | INFO     | src.pipeline.l2_prefilter:run:31 - Dropped solana:4yTSb3r6x2LfHZY8kLnpDoaftewkgyvRAScwhy8tSBWS: Low liquidity (2094.457)
2026-03-07 19:36:39.577 | INFO     | src.pipeline.l2_prefilter:run:31 - Dropped solana:8SLoVLgQUZ6ptuur1YsnGPzFgZTNWP4ivMjN9pzm4L1Y: Low liquidity (1881.82723155426)
2026-03-07 19:36:39.579 | INFO     | src.pipeline.l2_prefilter:run:46 - Waitlisted solana:2Q1DQRnZt2mrK4DtANk6LFRMjeRRS2LDZ5qd8akJCynz: Cooldown (2.0579272666666664 min)
2026-03-07 19:36:39.579 | INFO     | src.pipeline.l2_prefilter:run:31 - Dropped solana:4Tw3JnkYGRbsCArJXVWTDiqiaA1ewYb8KoPtkWRTugw5: Low liquidity (1897.283)
2026-03-07 19:36:39.580 | INFO     | src.pipeline.l2_prefilter:run:31 - Dropped solana:CfnjPA5y9CJ15oExCeShqvt5WWPAaksbZdWyf7HcoAVB: Low liquidity (1875.7134)
2026-03-07 19:36:39.581 | INFO     | src.pipeline.l2_prefilter:run:31 - Dropped solana:JJLEBwRrbzPipriwkqxeSxALGjfgS9aYsB8oL8Xx9ve: Low liquidity (1875.7134)
2026-03-07 19:36:39.581 | INFO     | src.pipeline.l2_prefilter:run:31 - Dropped solana:6mEyg24m7Wf1AieUVh7cMGEccAaEPSsLioodKEd3bKJS: Low liquidity (1875.7134)
2026-03-07 19:36:39.582 | INFO     | src.pipeline.l2_prefilter:run:31 - Dropped solana:2RbyG2ZfCYwyTcjNxu8mP5WujohCWzvAfPcRJf3J1Bqg: Low liquidity (1939.199)
2026-03-07 19:36:39.582 | INFO     | src.pipeline.l2_prefilter:run:31 - Dropped solana:BQHuq39Znsd9NT3mA4XxZHGUwGMkc2BrnXJ2pF47kdrW: Low liquidity (1907.7667)
2026-03-07 19:36:39.583 | INFO     | src.pipeline.l2_prefilter:run:31 - Dropped solana:9tid6FdNYFBKAsgNctN1wYj63KNc5DGrH4KKYbc5a1q9: Low liquidity (1876.2622)
2026-03-07 19:36:39.584 | INFO     | src.pipeline.l2_prefilter:run:31 - Dropped solana:5GBLsHx87rJZsakekEMZmxxMtJAqrsrmmpSuQeTGTkdL: Low liquidity (1876.2716)
2026-03-07 19:36:39.586 | INFO     | src.pipeline.l2_prefilter:run:31 - Dropped solana:GZZF7kbPn1ZwRLjXUGj1VcemzyyUguNQBaVmpcwrTQZQ: Low liquidity (1876.2622)
2026-03-07 19:36:39.587 | INFO     | src.pipeline.l2_prefilter:run:31 - Dropped solana:8tHGHwpfti2pvdBHU3VV6fHgCXNXBJbjmJ7gG2KMRoRG: Low liquidity (1876.2716)
2026-03-07 19:36:39.588 | INFO     | src.pipeline.l2_prefilter:run:31 - Dropped solana:7uLfaPSbDCw9zVCDepKF86ZE9jScffXz46hKJ9XmfvAd: Low liquidity (1876.2716)
2026-03-07 19:36:39.589 | INFO     | src.pipeline.l2_prefilter:run:31 - Dropped solana:NCWFZmhJT9X9PT4jzaghx9MG39Tzx4arnMZWztXvaE1: Low liquidity (1876.2716)
2026-03-07 19:36:39.589 | INFO     | src.pipeline.l2_prefilter:run:31 - Dropped solana:4VHyMTWMSzjiXvxyQczc47cy1zHMDqk4syVd5bLEeYr5: Low liquidity (1969.4257)
2026-03-07 19:36:39.590 | INFO     | src.pipeline.l2_prefilter:run:31 - Dropped solana:8TJguS8zXJfVCw9S3UHTdMoZ3vocMG4MG9E4zFSUDgjn: Low liquidity (1911.3911)
2026-03-07 19:36:39.590 | INFO     | src.pipeline.l2_prefilter:run:31 - Dropped solana:D4PMdpVp6AoA4q5q7SsZ7gSnjyfZbMTSbt8G6HB7Xqa3: Low liquidity (1958.2816)
2026-03-07 19:36:39.591 | INFO     | src.pipeline.l2_prefilter:run:31 - Dropped solana:EjPJeq4tfn8zD3drF8gVjoh2MTygbftutzRoFFWhh44j: Low liquidity (2065.4417)
2026-03-07 19:36:39.592 | INFO     | src.pipeline.l2_prefilter:run:31 - Dropped solana:BYXMtgqCZHRrcSDZmZ2rnmpkbKNoHnzLXK7VKqShEPSt: Low liquidity (1877.87104550212)
2026-03-07 19:36:39.593 | INFO     | src.pipeline.l2_prefilter:run:31 - Dropped ethereum:0x18b45f4851f0d06e457282fa4ab95fe27cca5178614e1c5631c2a5fb267e415a: Low liquidity (99.8357)
2026-03-07 19:36:39.593 | INFO     | src.pipeline.l2_prefilter:run:31 - Dropped base:0x8406467385265fe2b52b191e26d200e84d8e5bde: Low liquidity (3967.58)
2026-03-07 19:36:39.594 | INFO     | src.pipeline.l2_prefilter:run:31 - Dropped base:0xf5981aa144a83bf37051c4d49e4490276a3f2eee: Low liquidity (0.398362549944102)
2026-03-07 19:36:39.594 | INFO     | src.pipeline.l2_prefilter:run:31 - Dropped base:0x0d0261bad0a0fc263eecda4ad5d0e7c7860fb72c69664a5ef93f80a58ce822f6: Low liquidity (7.8822098894587e-15)
2026-03-07 19:36:39.595 | INFO     | src.pipeline.l2_prefilter:run:31 - Dropped base:0x082ff03afac4601ab25c3726e0063b6ee444905f: Low liquidity (0.398364557961553)
2026-03-07 19:36:39.596 | INFO     | src.pipeline.l2_prefilter:run:31 - Dropped base:0xecdeb4a16c03f8c01067fa35ef239d68967aa4c3: Low liquidity (0.3968)
2026-03-07 19:36:39.596 | INFO     | src.pipeline.l2_prefilter:run:31 - Dropped base:0x947b9d89ed1677867415f9eb19f82928fa7c625e: Low liquidity (0.3968)
2026-03-07 19:36:39.597 | INFO     | src.pipeline.l2_prefilter:run:31 - Dropped base:0x254d44a8b789f88d25c23e7d42c4f77719ce9317: Low liquidity (0.3968)
2026-03-07 19:36:39.598 | INFO     | src.pipeline.l2_prefilter:run:46 - Waitlisted base:0x3be9b95fef5878305f3b964b82a7d2f0eaea235e: Cooldown (2.3086116666666663 min)
2026-03-07 19:36:39.599 | INFO     | src.pipeline.l2_prefilter:run:31 - Dropped base:0xc77b87ea753e463ba4a0eb14ae3dea8b75232fbc: Low liquidity (0.397917633525289)
2026-03-07 19:36:39.599 | INFO     | src.pipeline.l2_prefilter:run:31 - Dropped base:0xd3b54afe2b576d874fb51554ccd56c1295458dd9: Low liquidity (3967.24)
2026-03-07 19:36:39.600 | INFO     | src.pipeline.l2_prefilter:run:31 - Dropped base:0xd73d7881588dcff74ecfceaa0e9fc42a3465c670fe4b8552e284a21e58e90f8d: Low liquidity (0.0)
2026-03-07 19:36:39.600 | INFO     | src.pipeline.l2_prefilter:run:31 - Dropped base:0xf5d28b7de7221dbdacac5f3ed717fbaa1641632a: Low liquidity (0.3967)
2026-03-07 19:36:39.601 | INFO     | src.pipeline.l2_prefilter:run:31 - Dropped base:0x4de67fc465fb0392254ce36f32403c06389efc70d861d3ce5dee35486adcee37: Low liquidity (0.0)
2026-03-07 19:36:39.602 | INFO     | src.pipeline.l2_prefilter:run:31 - Dropped base:0xcf3a6395a2d4edc2176f8dd2b6ed4dec13226740: Low liquidity (0.3968)
2026-03-07 19:36:39.602 | INFO     | src.pipeline.l2_prefilter:run:31 - Dropped base:0x9494b3159e91091723c03f1fca3aa69b56027f71: Low liquidity (0.398436846589772)
2026-03-07 19:36:39.603 | INFO     | src.pipeline.l2_prefilter:run:31 - Dropped base:0x4135e1e77b8bb3ccd0f0a0111582df534594cec0: Low liquidity (0.3968)
2026-03-07 19:36:39.603 | INFO     | src.pipeline.l2_prefilter:run:31 - Dropped base:0xdbe9a7761c6cde752bdcdab73589d0528ced5216: Low liquidity (0.3968)
2026-03-07 19:36:39.604 | INFO     | src.pipeline.l2_prefilter:run:31 - Dropped base:0xd6b3c70b9180a0ec08e09a0db052d060b89e1e2f: Low liquidity (0.3969)
2026-03-07 19:36:39.605 | INFO     | src.pipeline.l2_prefilter:run:31 - Dropped base:0x23d2c4eff676a96c12f0852f15f02f253c825353: Low liquidity (0.3969)
2026-03-07 19:36:39.605 | INFO     | src.pipeline.l2_prefilter:run:31 - Dropped base:0x6beb460e3bf6c6b0c50b723d2707ef30b8e7a2a5: Low liquidity (1441.3496)
2026-03-07 19:36:39.607 | INFO     | src.pipeline.l2_prefilter:run:31 - Dropped arbitrum:0x0696d87308d158e964abab419a24799e1187e84a01a1c9fde5785f9086fdae61: Low liquidity (1631.1312)
2026-03-07 19:36:39.608 | INFO     | src.pipeline.l2_prefilter:run:31 - Dropped arbitrum:0x541999d7069a444a89178ea53fa937c63d2d57e3cfd8302107f7d8549ca74250: Low liquidity (1234.4067)
2026-03-07 19:36:39.608 | INFO     | src.pipeline.l2_prefilter:run:31 - Dropped arbitrum:0xd04c402ccdd57abe0baf27f77785971b91c1d68e646096f17c69e49d2732634f: Low liquidity (974.022)
2026-03-07 19:36:39.609 | INFO     | src.pipeline.l2_prefilter:run:31 - Dropped arbitrum:0x212b1bab779efdf4811ed9674ddaa1d810b2e71e72e947d07110a795664a8a34: Low liquidity (469.5018)
2026-03-07 19:36:39.610 | INFO     | src.pipeline.l2_prefilter:run:31 - Dropped arbitrum:0xfafbd3bef53820499c89c04b6b11d3e5ed386b413b52f7f98f0d20a28c1e0f17: Low liquidity (19.8773)
2026-03-07 19:36:39.610 | INFO     | src.pipeline.l2_prefilter:run:31 - Dropped arbitrum:0x2f0f3c29dd8a1e6a30dbf277b0dd4c4eec08b07c8dc570845d5d1b3ad8ca3d40: Low liquidity (2.3853)
2026-03-07 19:36:39.611 | INFO     | src.pipeline.l2_prefilter:run:31 - Dropped arbitrum:0x94b86e70e1eac26699b4e7ad32ae7fc543993cd89c036bc56b132ebae08ee672: Low liquidity (1.1926)
2026-03-07 19:36:39.612 | INFO     | src.pipeline.l2_prefilter:run:31 - Dropped arbitrum:0x1ef6b91a109b3e0e768f2b82e2993962c0ac626c: Low liquidity (716.5767)
2026-03-07 19:36:39.612 | INFO     | src.pipeline.l2_prefilter:run:31 - Dropped arbitrum:0x4cf1e4b1461542544405a4f7ff30780b381394a00034442728571623586370e1: Low liquidity (0.0037393635913899)
2026-03-07 19:36:39.613 | INFO     | src.pipeline.l2_prefilter:run:31 - Dropped arbitrum:0xe2b3e5d4fa628cfd5226f2d9a6a073cf090ea682: Low liquidity (1.672210011e-14)
2026-03-07 19:36:39.614 | INFO     | src.pipeline.l2_prefilter:run:37 - Dropped arbitrum:0x0d168f5847284f4db0a26dc3bed08403604e3795: Low activity (2 txns)
2026-03-07 19:36:39.614 | INFO     | src.pipeline.l2_prefilter:run:37 - Dropped arbitrum:0x6646013ded1f3e9546a809c1af2b27da70bfe75a: Low activity (1 txns)
2026-03-07 19:36:39.615 | INFO     | src.pipeline.l2_prefilter:run:31 - Dropped arbitrum:0x98ca437c1c80714af882c8a6c183f86a597561ca: Low liquidity (4.589473318e-17)
2026-03-07 19:36:39.615 | INFO     | src.pipeline.l2_prefilter:run:31 - Dropped arbitrum:0x75e56be21813b122c0f01e0fe8e48f69fdde9ad50dfb983174a33b850467eb7e: Low liquidity (0.0118787019557296)
2026-03-07 19:36:39.616 | INFO     | src.pipeline.l2_prefilter:run:31 - Dropped arbitrum:0x4716b775e7ba65d85d58ce4f0d8d2bb66b940fc5: Low liquidity (1.12844355e-13)
2026-03-07 19:36:39.617 | INFO     | src.pipeline.l2_prefilter:run:31 - Dropped arbitrum:0x39a5ccddf95aa1b47c9d3965c765529267c133a37f50d4564e7f26a2236b94a4: Low liquidity (4.373)
2026-03-07 19:36:39.617 | INFO     | src.pipeline.l2_prefilter:run:31 - Dropped arbitrum:0x4231510210d75d142b39228f716c228f05e5a47fe0149f19be0ec79a6e073efd: Low liquidity (123.438)
2026-03-07 19:36:39.618 | INFO     | src.pipeline.l2_prefilter:run:31 - Dropped arbitrum:0x932ab18c793bf6a1dd637e7826ad61bcbd7bf38a417fe5831c0e70f0097e7840: Low liquidity (2.5842)
2026-03-07 19:36:39.619 | INFO     | src.pipeline.l2_prefilter:run:31 - Dropped bsc:0x718fc440c3da6fb86a210b98e714864ff5b84444: Low liquidity (2912.9316)
2026-03-07 19:36:39.619 | INFO     | src.pipeline.l2_prefilter:run:37 - Dropped bsc:0x3771d0f40d1e027a410e2c70bf2f0181cdc03a6b: Low activity (3 txns)
2026-03-07 19:36:39.620 | INFO     | src.pipeline.l2_prefilter:run:37 - Dropped bsc:0x6f11ae7cb2ce3647215d8a74080648fd8359e71d: Low activity (6 txns)
2026-03-07 19:36:39.621 | INFO     | src.pipeline.l2_prefilter:run:46 - Waitlisted bsc:0x89842b8deefa8d559431b1005e30fb9ec5b3c30d: Cooldown (3.125950883333333 min)
2026-03-07 19:36:39.623 | INFO     | src.pipeline.l2_prefilter:run:37 - Dropped bsc:0x992e8f34709baad39290c2707a607a5ea64eb613: Low activity (6 txns)
2026-03-07 19:36:39.624 | INFO     | src.pipeline.l2_prefilter:run:31 - Dropped bsc:0x2295aae43c2f640a5987a1c25728052d1bc44444: Low liquidity (2946.6304)
2026-03-07 19:36:39.625 | INFO     | src.pipeline.l2_prefilter:run:46 - Waitlisted bsc:0x57017e4bebd2659c1a708b43852417ec6b5d0b12: Cooldown (5.7093383499999995 min)
2026-03-07 19:36:39.626 | INFO     | src.pipeline.l2_prefilter:run:31 - Dropped bsc:0x087db267da390b9edd68e0f79f7ccff2d6bb4444: Low liquidity (2902.7015)
2026-03-07 19:36:39.627 | INFO     | src.pipeline.l2_prefilter:run:46 - Waitlisted bsc:0xe05d8447c49eda05ac99d110602687952a7fcf93: Cooldown (6.059374516666667 min)
2026-03-07 19:36:39.628 | INFO     | src.pipeline.l2_prefilter:run:46 - Waitlisted bsc:0x6de31c63b19ab80cbc976508e2387e0746a5be95: Cooldown (6.8760587 min)
2026-03-07 19:36:39.629 | INFO     | src.pipeline.l2_prefilter:run:31 - Dropped bsc:0x797952356bd48e2ac276b887e488296914164444: Low liquidity (2922.8561)
2026-03-07 19:36:39.630 | INFO     | src.pipeline.l2_prefilter:run:46 - Waitlisted bsc:0xc696df86aa7850495231d8a8988b6b78e3be02ac: Cooldown (7.32609615 min)
2026-03-07 19:36:39.631 | INFO     | src.pipeline.l2_prefilter:run:46 - Waitlisted bsc:0x0dcc724351df2003ddaf12b597815f6f0dfca2d3: Cooldown (7.992782500000001 min)
2026-03-07 19:36:39.632 | INFO     | src.pipeline.l2_prefilter:run:31 - Dropped bsc:0xa00d0d4442b52703999595a60c3c89794f654444: Low liquidity (3078.1268)
2026-03-07 19:36:39.632 | INFO     | src.pipeline.l2_prefilter:run:31 - Dropped bsc:0x3cb2d483424c33fe983a8d15c8670c3bfba94444: Low liquidity (3266.2819)
2026-03-07 19:36:39.633 | INFO     | src.pipeline.l2_prefilter:run:31 - Dropped bsc:0x1638973523737df4365a55da953a57615c3e9aae: Low liquidity (2212.9112)
2026-03-07 19:36:39.634 | INFO     | src.pipeline.l2_prefilter:run:31 - Dropped bsc:0x653ce4ab433ee2f37a6860e0426990b638064444: Low liquidity (3314.7098)
2026-03-07 19:36:39.634 | INFO     | src.pipeline.l2_prefilter:run:31 - Dropped bsc:0x683c24ff654288a67da3d9b8c2d9ea5dc1a34444: Low liquidity (2901.8239)
2026-03-07 19:36:39.635 | INFO     | src.pipeline.l2_prefilter:run:31 - Dropped bsc:0x2555aa64660fd0da7c807abd405a0fa72eba4444: Low liquidity (3031.8717)
2026-03-07 19:36:39.635 | INFO     | src.pipeline.l2_prefilter:run:31 - Dropped bsc:0xdcb62a5e49831790d76d02c3c28411b0fc7e4444: Low liquidity (2915.0189)
2026-03-07 19:36:39.635 | INFO     | src.pipeline.l2_prefilter:run:55 - L2 Pre-filter passed 2 tokens.
2026-03-07 19:36:39.635 | INFO     | __main__:main:42 - Phase 1 Complete.
2026-03-07 19:36:39.635 | INFO     | __main__:main:43 - Discovered: 81
2026-03-07 19:36:39.635 | INFO     | __main__:main:44 - Passed Pre-filter: 2
2026-03-07 19:36:39.636 | INFO     | __main__:main:47 - Candidate: cbBTC (arbitrum) - 0xd61b767286291894182ce4421e5ffb9bfb46d0d6c014712aea2b967d107aa267
2026-03-07 19:36:39.636 | INFO     | __main__:main:47 - Candidate: SATMA (arbitrum) - 0xf5aea8421cc9ee4b229f3596f57492e85578a58a
2026-03-07 19:37:12.369 | INFO     | __main__:main:15 - Starting Token Discovery Pipeline (Phase 1)...
2026-03-07 19:37:12.372 | INFO     | __main__:main:19 - Database initialized.
2026-03-07 19:37:12.372 | INFO     | __main__:main:28 - Running Layer 1: Discovery...
2026-03-07 19:37:12.373 | INFO     | src.pipeline.l1_discovery:run:42 - Fetching new pools for solana (solana)...
2026-03-07 19:37:14.471 | INFO     | src.pipeline.l1_discovery:run:42 - Fetching new pools for ethereum (eth)...
2026-03-07 19:37:16.568 | INFO     | src.pipeline.l1_discovery:run:42 - Fetching new pools for base (base)...
2026-03-07 19:37:18.634 | ERROR    | src.clients.gecko_terminal:get_new_pools:29 - GeckoTerminal API error: 429 Client Error: Too Many Requests for url: https://api.geckoterminal.com/api/v2/networks/base/new_pools?page=1
2026-03-07 19:37:18.636 | INFO     | src.pipeline.l1_discovery:run:42 - Fetching new pools for arbitrum (arbitrum)...
2026-03-07 19:37:20.709 | ERROR    | src.clients.gecko_terminal:get_new_pools:29 - GeckoTerminal API error: 429 Client Error: Too Many Requests for url: https://api.geckoterminal.com/api/v2/networks/arbitrum/new_pools?page=1
2026-03-07 19:37:20.709 | INFO     | src.pipeline.l1_discovery:run:42 - Fetching new pools for bsc (bsc)...
2026-03-07 19:37:22.770 | ERROR    | src.clients.gecko_terminal:get_new_pools:29 - GeckoTerminal API error: 429 Client Error: Too Many Requests for url: https://api.geckoterminal.com/api/v2/networks/bsc/new_pools?page=1
2026-03-07 19:37:22.812 | INFO     | src.pipeline.l1_discovery:run:94 - L1 Discovery found 20 new tokens.
2026-03-07 19:37:22.812 | INFO     | __main__:main:37 - Running Layer 2: Pre-filter...
2026-03-07 19:37:22.814 | INFO     | src.pipeline.l2_prefilter:run:31 - Dropped solana:73uokPmTyAzc1raU4R7RzGJVpeBCkGhSaovTGXHTmctU: Low liquidity (2260.75223078814)
2026-03-07 19:37:22.815 | INFO     | src.pipeline.l2_prefilter:run:31 - Dropped solana:DFCmnboVCz3ifmWteWFpMhfKaBtQyD6hfMGQuZ221WxE: Low liquidity (2471.87862785457)
2026-03-07 19:37:22.816 | INFO     | src.pipeline.l2_prefilter:run:37 - Dropped solana:49umk7NyvY7YNwfq6973JXuZh67RSbW3a8VyEj1UMy8h: Low activity (1 txns)
2026-03-07 19:37:22.816 | INFO     | src.pipeline.l2_prefilter:run:31 - Dropped solana:9UiYeCupxrsNmggTjj4A4EQSQSpavxP3MpQ8YdpLfnfi: Low liquidity (2897.0586)
2026-03-07 19:37:22.817 | INFO     | src.pipeline.l2_prefilter:run:31 - Dropped solana:5yK8gQCLk2mTqWaQjFCMvjdApPVQ9AVf7FQN7MZLqE4x: Low liquidity (1882.29097258502)
2026-03-07 19:37:22.819 | INFO     | src.pipeline.l2_prefilter:run:46 - Waitlisted solana:8TTJLr7kujeN4umzViuQTfTdxhSBc6u4UpP3ncnw9sxs: Cooldown (1.76317615 min)
2026-03-07 19:37:22.820 | INFO     | src.pipeline.l2_prefilter:run:31 - Dropped solana:F8jRJFYpHtzFu95oaTazx8NEpRXfszpq3w9orK1c34em: Low liquidity (1878.5322)
2026-03-07 19:37:22.820 | INFO     | src.pipeline.l2_prefilter:run:31 - Dropped solana:FdhqUSQVoUH8baUUEXQpu9thAf8C3UKNFKYgbH9FMcUX: Low liquidity (1876.73225004272)
2026-03-07 19:37:22.821 | INFO     | src.pipeline.l2_prefilter:run:31 - Dropped solana:BrqeCPqHrvHVWehGLaYNomrEDQzJazzo232mWxZhJqoU: Low liquidity (1876.73206010816)
2026-03-07 19:37:22.821 | INFO     | src.pipeline.l2_prefilter:run:31 - Dropped solana:7K1dNrwgAqVpEjTHv6xGxoUWFs6bKQ2VPCsYaNJ6JkDp: Low liquidity (1876.73206010816)
2026-03-07 19:37:22.822 | INFO     | src.pipeline.l2_prefilter:run:31 - Dropped solana:8in7srXCgNk1oKqKAn71yoJpQidxSm5r4KycDAV1sCQC: Low liquidity (1876.73206010816)
2026-03-07 19:37:22.823 | INFO     | src.pipeline.l2_prefilter:run:31 - Dropped solana:5WjQwXDy3WJ45ga5torVHbZzNXKzwYg5gYDkHPmX8CZo: Low liquidity (1876.73211492867)
2026-03-07 19:37:22.823 | INFO     | src.pipeline.l2_prefilter:run:31 - Dropped solana:AybgeCvhqYvAcEKzDUT1Jq9wj6B8f8gEjif1LSL82R1c: Low liquidity (1878.71645201587)
2026-03-07 19:37:22.824 | INFO     | src.pipeline.l2_prefilter:run:31 - Dropped solana:FfWCFLH3sdxC2BPLaVPuftS83EKFmEAH7wepXX5btJiQ: Low liquidity (2183.7557)
2026-03-07 19:37:22.825 | INFO     | src.pipeline.l2_prefilter:run:46 - Waitlisted solana:AkMyacvX7DPZS7TqWgJjhWusCb6G7PBLPxFNqnpJyTK8: Cooldown (1.96337515 min)
2026-03-07 19:37:22.827 | INFO     | src.pipeline.l2_prefilter:run:46 - Waitlisted solana:9YYuCBxpD4Snn7KiqiBSJHEvneTc7ZG6WKNaPmVxH2P4: Cooldown (2.0634042 min)
2026-03-07 19:37:22.827 | INFO     | src.pipeline.l2_prefilter:run:31 - Dropped solana:8cAVtNr1EBoBXToS8Rq4Npe7Jd8x36oNvgqc7d61divr: Low liquidity (1942.3363)
2026-03-07 19:37:22.828 | INFO     | src.pipeline.l2_prefilter:run:31 - Dropped solana:F4a3DywYNQtHcLBRFMqcucPtwP9eXMjCMpydCU2AjKrC: Low liquidity (1921.8721)
2026-03-07 19:37:22.829 | INFO     | src.pipeline.l2_prefilter:run:46 - Waitlisted solana:GghQL5b9tNkNJkLxxKPPA4aQ3WGNTiFqRcPHumFASjm2: Cooldown (2.1801400666666666 min)
2026-03-07 19:37:22.830 | INFO     | src.pipeline.l2_prefilter:run:31 - Dropped solana:AF8oPMxbxcPiZbaGGG2gtUGQx6bYjNoANFUY9oM3q8Ls: Low liquidity (2147.5874)
2026-03-07 19:37:22.830 | INFO     | src.pipeline.l2_prefilter:run:55 - L2 Pre-filter passed 0 tokens.
2026-03-07 19:37:22.830 | INFO     | __main__:main:42 - Phase 1 Complete.
2026-03-07 19:37:22.830 | INFO     | __main__:main:43 - Discovered: 20
2026-03-07 19:37:22.830 | INFO     | __main__:main:44 - Passed Pre-filter: 0
2026-03-07 20:04:03.494 | INFO     | __main__:main:15 - Starting Token Discovery Pipeline (Phase 2)...
2026-03-07 20:04:03.499 | INFO     | __main__:main:19 - Database initialized.
2026-03-07 20:04:03.499 | INFO     | __main__:main:28 - Running Layer 1: Discovery...
2026-03-07 20:04:03.501 | INFO     | src.pipeline.l1_discovery:run:42 - Fetching new pools for solana (solana)...
2026-03-07 20:04:05.614 | INFO     | src.pipeline.l1_discovery:run:42 - Fetching new pools for ethereum (eth)...
2026-03-07 20:04:07.788 | INFO     | src.pipeline.l1_discovery:run:42 - Fetching new pools for base (base)...
2026-03-07 20:04:09.941 | INFO     | src.pipeline.l1_discovery:run:42 - Fetching new pools for arbitrum (arbitrum)...
2026-03-07 20:04:12.179 | INFO     | src.pipeline.l1_discovery:run:42 - Fetching new pools for bsc (bsc)...
2026-03-07 20:04:14.367 | INFO     | src.pipeline.l1_discovery:run:94 - L1 Discovery found 65 new tokens.
2026-03-07 20:04:14.367 | INFO     | __main__:main:43 - Running Layer 2: Pre-filter...
2026-03-07 20:04:14.369 | INFO     | src.pipeline.l2_prefilter:run:37 - Dropped solana:2r2FX8URxp9uzXE6114yqAh7sFZCgNkJkB283bL6ZvXw: Low activity (1 txns)
2026-03-07 20:04:14.370 | INFO     | src.pipeline.l2_prefilter:run:31 - Dropped solana:4Fp91XD7Tzjv6S8PvjT9RvFY8rQAaPk62AV2fN7hVQ21: Low liquidity (2475.21999819877)
2026-03-07 20:04:14.371 | INFO     | src.pipeline.l2_prefilter:run:31 - Dropped solana:AxYQub9JC4usJzJvS41f9XB3ynu1Ero691XFTZtHs9gf: Low liquidity (2836.9453162252)
2026-03-07 20:04:14.373 | INFO     | src.pipeline.l2_prefilter:run:46 - Waitlisted solana:42WFw22FQfu4aSMtVMvAyeFmWD7zKEWNhh6oAfMHkgaE: Cooldown (1.1047264833333335 min)
2026-03-07 20:04:14.374 | INFO     | src.pipeline.l2_prefilter:run:31 - Dropped solana:2timsBxpRtaQtBdBbS61BLgPdHqSJbtopJEfEutmtbYn: Low liquidity (1871.79271301855)
2026-03-07 20:04:14.375 | INFO     | src.pipeline.l2_prefilter:run:31 - Dropped solana:Fm5iCAmBjePdngcPWXpurnW8RhAT3Pjb6d55JY4iVcYJ: Low liquidity (1871.79269363331)
2026-03-07 20:04:14.376 | INFO     | src.pipeline.l2_prefilter:run:31 - Dropped solana:4eEFQdggozwqLovCNSQDRwm6VkrLz1vAiAScKwZEZvXk: Low liquidity (1871.79271301855)
2026-03-07 20:04:14.376 | INFO     | src.pipeline.l2_prefilter:run:31 - Dropped solana:7bbbqTFg15jq6u2a8E3fYyrr8UBk13YXAYUmy2XCaDGR: Low liquidity (1872.3472805425)
2026-03-07 20:04:14.377 | INFO     | src.pipeline.l2_prefilter:run:31 - Dropped solana:6ugzLy5uxSvTs5Ua2FRYJEiHC9c6pPK3QNTHJmzAtwvy: Low liquidity (1877.30458862461)
2026-03-07 20:04:14.379 | INFO     | src.pipeline.l2_prefilter:run:46 - Waitlisted solana:6Y7Xtp4kKFNcQUrDLzM6JJzex1Rx67Uw6ptdMd8MhSaH: Cooldown (1.3382189833333333 min)
2026-03-07 20:04:14.380 | INFO     | src.pipeline.l2_prefilter:run:31 - Dropped solana:28qBJWbWud4oBcvwTz6caB6oRWbC4vLvrUUr8VthPWX5: Low liquidity (3920.0289)
2026-03-07 20:04:14.382 | INFO     | src.pipeline.l2_prefilter:run:46 - Waitlisted solana:CYXW9D61yAFqHLWoSEBJpteKNKC5G6eaL2uwaxUQrX4y: Cooldown (1.4216073333333334 min)
2026-03-07 20:04:14.382 | INFO     | src.pipeline.l2_prefilter:run:31 - Dropped solana:9y4daro3ZbBCKPNq2vjczRCrNbXdGZMSyUzX1t7P71ME: Low liquidity (1970.0986)
2026-03-07 20:04:14.383 | INFO     | src.pipeline.l2_prefilter:run:31 - Dropped solana:DmwgbWuQx4nFHfyMV9LgTNNYohTT3HzdW6i3gDgqAmbZ: Low liquidity (1758.3718)
2026-03-07 20:04:14.384 | INFO     | src.pipeline.l2_prefilter:run:31 - Dropped solana:2hLMUo37WKVDJu5h6jbc1vvp7ybGop3TcioQvkvcbuW8: Low liquidity (0.0591)
2026-03-07 20:04:14.384 | INFO     | src.pipeline.l2_prefilter:run:31 - Dropped solana:F9tyMV42f45hoLvEh3XUT5KY7ZrwqnnQM5BnX6A8Drqv: Low liquidity (2320.8431)
2026-03-07 20:04:14.386 | INFO     | src.pipeline.l2_prefilter:run:31 - Dropped solana:BxHy274vomNYExunpQ74rouUuGEeyccBgfNc2SkFg8Ko: Low liquidity (1914.7793)
2026-03-07 20:04:14.395 | INFO     | src.pipeline.l2_prefilter:run:31 - Dropped solana:A4MRBPr7f77VYwZvYjbFhxNM1FFgJoiMQjxBdcjzVNdX: Low liquidity (1878.49855473198)
2026-03-07 20:04:14.397 | INFO     | src.pipeline.l2_prefilter:run:31 - Dropped solana:AHESaVvWXeb3KsTMKjecrf4nWZiApqPJgverxbLBZU1M: Low liquidity (2062.4095)
2026-03-07 20:04:14.398 | INFO     | src.pipeline.l2_prefilter:run:31 - Dropped solana:GQ6fXGdppkUCsUGSKVcVXAsVwLypPECpewwUQAGLJUad: Low liquidity (0.076)
2026-03-07 20:04:14.399 | INFO     | src.pipeline.l2_prefilter:run:46 - Waitlisted ethereum:0x4f5b489f717cbd5773a3b9bcd61cc2b6c84e2768: Cooldown (15.25514225 min)
2026-03-07 20:04:14.400 | INFO     | src.pipeline.l2_prefilter:run:31 - Dropped ethereum:0x29b4fc9b6163d4e761584cfa1daf700be83f714d33a19be9d2076d01219bbdbb: Low liquidity (0.5954)
2026-03-07 20:04:14.402 | INFO     | src.pipeline.l2_prefilter:run:46 - Waitlisted ethereum:0x8b17e5ff743dbbe2c884a410056a477f4303d177: Cooldown (21.855197316666665 min)
2026-03-07 20:04:14.404 | INFO     | src.pipeline.l2_prefilter:run:46 - Waitlisted ethereum:0x1d241f787de82af80898a99fa76aa41d14fc2965: Cooldown (25.855220616666667 min)
2026-03-07 20:04:14.405 | INFO     | src.pipeline.l2_prefilter:run:31 - Dropped base:0x45daffd60a9fb346cf1fdc6675975ad80a57c6a8: Low liquidity (3967.7)
2026-03-07 20:04:14.406 | INFO     | src.pipeline.l2_prefilter:run:31 - Dropped base:0x672c21a48ce7784877c84ca52a0685d87854ee02: Low liquidity (0.3968)
2026-03-07 20:04:14.407 | INFO     | src.pipeline.l2_prefilter:run:31 - Dropped base:0xc0223ef748e334db41480798d9ee4f99cc1036d6: Low liquidity (0.3968)
2026-03-07 20:04:14.408 | INFO     | src.pipeline.l2_prefilter:run:31 - Dropped base:0xac1cb503a264e670a2f8c3fbddeb0a790cee4fa4: Low liquidity (0.398340461752146)
2026-03-07 20:04:14.408 | INFO     | src.pipeline.l2_prefilter:run:31 - Dropped base:0xd11eb9e1751653896a7e222c0309a761aa944d2c: Low liquidity (0.002136424719)
2026-03-07 20:04:14.409 | INFO     | src.pipeline.l2_prefilter:run:31 - Dropped base:0x519a7b7e95f0f46ef2058d5d31249b96f910c428: Low liquidity (1337.4712)
2026-03-07 20:04:14.411 | INFO     | src.pipeline.l2_prefilter:run:31 - Dropped base:0xd28869eb7efd7da5048537fb0da5c6b23df7a8bb: Low liquidity (0.3968)
2026-03-07 20:04:14.412 | INFO     | src.pipeline.l2_prefilter:run:31 - Dropped base:0x8e7d75d161f1c4aa7f134947abe6a7353e34ce03: Low liquidity (0.3968)
2026-03-07 20:04:14.413 | INFO     | src.pipeline.l2_prefilter:run:31 - Dropped base:0x2835555d667691c71359882abd2b10c9ecf189a0: Low liquidity (1440.8267)
2026-03-07 20:04:14.415 | INFO     | src.pipeline.l2_prefilter:run:37 - Dropped base:0xb8ac0ea8f917f48e54e2f6ee36c3c806fc34c286: Low activity (8 txns)
2026-03-07 20:04:14.416 | INFO     | src.pipeline.l2_prefilter:run:31 - Dropped base:0x5f5a74916278191afb05860d0da64722cb6cf9b8: Low liquidity (0.3968)
2026-03-07 20:04:14.417 | INFO     | src.pipeline.l2_prefilter:run:31 - Dropped base:0x82b0137ec588ee6b014c5f077e6391d43b2df82b: Low liquidity (0.3968)
2026-03-07 20:04:14.419 | INFO     | src.pipeline.l2_prefilter:run:31 - Dropped base:0x26b8ee7a4a5c78ac96bd959f1a459bcc31ed3e62: Low liquidity (0.3968)
2026-03-07 20:04:14.427 | INFO     | src.pipeline.l2_prefilter:run:46 - Waitlisted base:0x2c558655b939350fb4da97d4c8214d7637a1748b: Cooldown (3.2222119166666667 min)
2026-03-07 20:04:14.430 | INFO     | src.pipeline.l2_prefilter:run:31 - Dropped base:0xb68c3ed96658954f346ed9465839b4a74ea84bb2: Low liquidity (0.3968)
2026-03-07 20:04:14.439 | INFO     | src.pipeline.l2_prefilter:run:31 - Dropped base:0xd3bc2862c5cd83e40739d976bdeb30e69a89f0d1: Low liquidity (3968.08)
2026-03-07 20:04:14.440 | INFO     | src.pipeline.l2_prefilter:run:31 - Dropped base:0x9a9abbd670673620ce72bc271204b9ee8b4abecc: Low liquidity (3.96758e-15)
2026-03-07 20:04:14.441 | INFO     | src.pipeline.l2_prefilter:run:31 - Dropped base:0xf008cd6c4398ff7788bf54125fe502f395a0b3e5: Low liquidity (0.3968)
2026-03-07 20:04:14.442 | INFO     | src.pipeline.l2_prefilter:run:31 - Dropped base:0x233ed56efd784db2f9cd210e91b288beb7a26017: Low liquidity (0.3968)
2026-03-07 20:04:14.443 | INFO     | src.pipeline.l2_prefilter:run:37 - Dropped base:0x84cb85020553083b6723495ddef522d1729bb9b5f9eaf563f9246cdde5fa364f: Low activity (2 txns)
2026-03-07 20:04:14.446 | INFO     | src.pipeline.l2_prefilter:run:46 - Waitlisted bsc:0xc489e3e70aca94f32c6425f9d5e2d9b13e8cd75f: Cooldown (2.1557398500000002 min)
2026-03-07 20:04:14.447 | INFO     | src.pipeline.l2_prefilter:run:31 - Dropped bsc:0x52696d61fab5df529f32e9874c107dcd971123cd: Low liquidity (2000.4241)
2026-03-07 20:04:14.449 | INFO     | src.pipeline.l2_prefilter:run:46 - Waitlisted bsc:0xc027e6f1c64621c314bfb11b3300bc40dca46bd2: Cooldown (4.589118083333333 min)
2026-03-07 20:04:14.450 | INFO     | src.pipeline.l2_prefilter:run:37 - Dropped bsc:0x348adb09d2867dd37f413050eb2492e3c23bae54: Low activity (9 txns)
2026-03-07 20:04:14.451 | INFO     | src.pipeline.l2_prefilter:run:46 - Waitlisted bsc:0x6482c35445bd49d7bed77b45729fdb6a7f6a0a03: Cooldown (5.422491566666666 min)
2026-03-07 20:04:14.452 | INFO     | src.pipeline.l2_prefilter:run:31 - Dropped bsc:0xb8d18cf92df9ed8c1dc010ee3b4c330ead249351: Low liquidity (2107.3414)
2026-03-07 20:04:14.453 | INFO     | src.pipeline.l2_prefilter:run:31 - Dropped bsc:0xb0f5c838ac6d81a3be8866ef0b225515f95e4444: Low liquidity (2910.8984)
2026-03-07 20:04:14.453 | INFO     | src.pipeline.l2_prefilter:run:31 - Dropped bsc:0x3dbeb841afb3e498ce4aa4e468c1fe37d7387339: Low liquidity (0.004223825616)
2026-03-07 20:04:14.454 | INFO     | src.pipeline.l2_prefilter:run:31 - Dropped bsc:0x291f9675e5b34792ab02f630a09ab21c72788c1f: Low liquidity (0.1253)
2026-03-07 20:04:14.454 | INFO     | src.pipeline.l2_prefilter:run:31 - Dropped bsc:0x09041b25aa09fbe412ab46e57d337fa53323cbf9: Low liquidity (0.1253)
2026-03-07 20:04:14.455 | INFO     | src.pipeline.l2_prefilter:run:31 - Dropped bsc:0x821781ca6facb2d22931c5d3e9bbb9d94b47313e: Low liquidity (0.0002316955847)
2026-03-07 20:04:14.456 | INFO     | src.pipeline.l2_prefilter:run:31 - Dropped bsc:0x81cac905c2b4438cad5a6d1058e268774dc6ceee: Low liquidity (0.008936068257)
2026-03-07 20:04:14.457 | INFO     | src.pipeline.l2_prefilter:run:31 - Dropped bsc:0x7e4352867b8d546f703e2bf6d9a3a6fdbe932f09: Low liquidity (0.001926892339)
2026-03-07 20:04:14.458 | INFO     | src.pipeline.l2_prefilter:run:31 - Dropped bsc:0xa88766e7a142ad39d12c17d71dda33be9bcb7544: Low liquidity (0.1253)
2026-03-07 20:04:14.458 | INFO     | src.pipeline.l2_prefilter:run:31 - Dropped bsc:0xf3a3d7458ed5fbabfee3030ef2040f528a500316: Low liquidity (0.00988946098)
2026-03-07 20:04:14.459 | INFO     | src.pipeline.l2_prefilter:run:31 - Dropped bsc:0xae45c79afc33bd808b52bd05dc5100de430d4b0c: Low liquidity (56.1487)
2026-03-07 20:04:14.460 | INFO     | src.pipeline.l2_prefilter:run:31 - Dropped bsc:0x89529fee47b6ecf226624d432d3a255dd6319585: Low liquidity (0.188)
2026-03-07 20:04:14.461 | INFO     | src.pipeline.l2_prefilter:run:31 - Dropped bsc:0x5fa45a413c0fe6d4ab10cae5154182ca33e30543: Low liquidity (0.0627)
2026-03-07 20:04:14.461 | INFO     | src.pipeline.l2_prefilter:run:31 - Dropped bsc:0xf112d6f3329dfd83eaf398f07b13406e8e39cd92: Low liquidity (0.000811498785)
2026-03-07 20:04:14.462 | INFO     | src.pipeline.l2_prefilter:run:31 - Dropped bsc:0xaafe589f0474b7c2b1c75e5020f0972131dddd19: Low liquidity (0.0004977148256)
2026-03-07 20:04:14.462 | INFO     | src.pipeline.l2_prefilter:run:55 - L2 Pre-filter passed 1 tokens.
2026-03-07 20:04:14.462 | INFO     | __main__:main:55 - Running Layer 3: Security Scan...
2026-03-07 20:04:14.463 | INFO     | src.pipeline.l3_security:run:37 - Running Security Scan for 1 tokens on arbitrum...
2026-03-07 20:04:14.617 | INFO     | src.pipeline.l3_security:run:94 - Passed arbitrum:0x1deee295f0a7c7e4006c47fe60d072cabf7f047a: Security Score 80.0
2026-03-07 20:04:14.617 | INFO     | src.pipeline.l3_security:run:100 - L3 Security Scan passed 1 tokens.
2026-03-07 20:04:14.617 | INFO     | __main__:main:60 - Phase 2 Complete.
2026-03-07 20:04:14.617 | INFO     | __main__:main:61 - Discovered: 65
2026-03-07 20:04:14.617 | INFO     | __main__:main:62 - Passed Pre-filter: 1
2026-03-07 20:04:14.617 | INFO     | __main__:main:63 - Passed Security Scan: 1
2026-03-07 20:04:14.617 | INFO     | __main__:main:66 - Candidate: POLY (arbitrum) - 0x1deee295f0a7c7e4006c47fe60d072cabf7f047a (Score: 80.0)
